2022-05-19 16:04:27 INFO  [springAppName_IS_UNDEFINED,,,] main org.springframework.context.support.PostProcessorRegistrationDelegate$BeanPostProcessorChecker Bean 'org.springframework.cloud.autoconfigure.ConfigurationPropertiesRebinderAutoConfiguration' of type [org.springframework.cloud.autoconfigure.ConfigurationPropertiesRebinderAutoConfiguration] is not eligible for getting processed by all BeanPostProcessors (for example: not eligible for auto-proxying)
2022-05-19 16:04:28 INFO  [CMICT-Auth,,,] main com.cmict.auth.CmictAuthApplication The following profiles are active: dev
2022-05-19 16:04:30 INFO  [CMICT-Auth,,,] main org.springframework.data.repository.config.RepositoryConfigurationDelegate Multiple Spring Data modules found, entering strict repository configuration mode!
2022-05-19 16:04:30 INFO  [CMICT-Auth,,,] main org.springframework.data.repository.config.RepositoryConfigurationDelegate Bootstrapping Spring Data repositories in DEFAULT mode.
2022-05-19 16:04:30 INFO  [CMICT-Auth,,,] main org.springframework.data.repository.config.RepositoryConfigurationDelegate Finished Spring Data repository scanning in 26ms. Found 0 repository interfaces.
2022-05-19 16:04:30 INFO  [CMICT-Auth,,,] main org.springframework.cloud.context.scope.GenericScope BeanFactory id=1a19d798-b756-3e42-9876-1ccd3222d18c
2022-05-19 16:04:30 INFO  [CMICT-Auth,,,] main org.springframework.context.support.PostProcessorRegistrationDelegate$BeanPostProcessorChecker Bean 'org.springframework.transaction.annotation.ProxyTransactionManagementConfiguration' of type [org.springframework.transaction.annotation.ProxyTransactionManagementConfiguration] is not eligible for getting processed by all BeanPostProcessors (for example: not eligible for auto-proxying)
2022-05-19 16:04:31 INFO  [CMICT-Auth,,,] main org.springframework.context.support.PostProcessorRegistrationDelegate$BeanPostProcessorChecker Bean 'spring.datasource.dynamic-com.baomidou.dynamic.datasource.spring.boot.autoconfigure.DynamicDataSourceProperties' of type [com.baomidou.dynamic.datasource.spring.boot.autoconfigure.DynamicDataSourceProperties] is not eligible for getting processed by all BeanPostProcessors (for example: not eligible for auto-proxying)
2022-05-19 16:04:31 INFO  [CMICT-Auth,,,] main org.springframework.context.support.PostProcessorRegistrationDelegate$BeanPostProcessorChecker Bean 'com.baomidou.dynamic.datasource.spring.boot.autoconfigure.DynamicDataSourceAutoConfiguration' of type [com.baomidou.dynamic.datasource.spring.boot.autoconfigure.DynamicDataSourceAutoConfiguration$$EnhancerBySpringCGLIB$$f4300e2d] is not eligible for getting processed by all BeanPostProcessors (for example: not eligible for auto-proxying)
2022-05-19 16:04:31 INFO  [CMICT-Auth,,,] main org.springframework.context.support.PostProcessorRegistrationDelegate$BeanPostProcessorChecker Bean 'dsProcessor' of type [com.baomidou.dynamic.datasource.processor.DsHeaderProcessor] is not eligible for getting processed by all BeanPostProcessors (for example: not eligible for auto-proxying)
2022-05-19 16:04:31 INFO  [CMICT-Auth,,,] main org.springframework.context.support.PostProcessorRegistrationDelegate$BeanPostProcessorChecker Bean 'dynamicDatasourceAnnotationAdvisor' of type [com.baomidou.dynamic.datasource.aop.DynamicDataSourceAnnotationAdvisor] is not eligible for getting processed by all BeanPostProcessors (for example: not eligible for auto-proxying)
2022-05-19 16:04:31 INFO  [CMICT-Auth,,,] main org.springframework.context.support.PostProcessorRegistrationDelegate$BeanPostProcessorChecker Bean 'org.springframework.cloud.autoconfigure.ConfigurationPropertiesRebinderAutoConfiguration' of type [org.springframework.cloud.autoconfigure.ConfigurationPropertiesRebinderAutoConfiguration] is not eligible for getting processed by all BeanPostProcessors (for example: not eligible for auto-proxying)
2022-05-19 16:04:31 INFO  [CMICT-Auth,,,] main org.springframework.boot.web.embedded.tomcat.TomcatWebServer Tomcat initialized with port(s): 8101 (http)
2022-05-19 16:04:31 INFO  [CMICT-Auth,,,] main org.apache.coyote.http11.Http11NioProtocol Initializing ProtocolHandler ["http-nio-8101"]
2022-05-19 16:04:31 INFO  [CMICT-Auth,,,] main org.apache.catalina.core.StandardService Starting service [Tomcat]
2022-05-19 16:04:31 INFO  [CMICT-Auth,,,] main org.apache.catalina.core.StandardEngine Starting Servlet engine: [Apache Tomcat/9.0.27]
2022-05-19 16:04:31 INFO  [CMICT-Auth,,,] main org.apache.catalina.core.ContainerBase.[Tomcat].[localhost].[/] Initializing Spring embedded WebApplicationContext
2022-05-19 16:04:31 INFO  [CMICT-Auth,,,] main org.springframework.web.context.ContextLoader Root WebApplicationContext: initialization completed in 2943 ms
2022-05-19 16:04:32 INFO  [CMICT-Auth,,,] main com.netflix.config.sources.URLConfigurationSource To enable URLs as dynamic configuration sources, define System property archaius.configurationSource.additionalUrls or make config.properties available on classpath.
2022-05-19 16:04:32 INFO  [CMICT-Auth,,,] main com.netflix.config.DynamicPropertyFactory DynamicPropertyFactory is initialized with configuration sources: com.netflix.config.ConcurrentCompositeConfiguration@40729f01
2022-05-19 16:04:34 INFO  [CMICT-Auth,,,] main com.zaxxer.hikari.HikariDataSource base - Starting...
2022-05-19 16:04:34 INFO  [CMICT-Auth,,,] main com.zaxxer.hikari.HikariDataSource base - Start completed.
2022-05-19 16:04:34 INFO  [CMICT-Auth,,,] main com.baomidou.dynamic.datasource.DynamicRoutingDataSource dynamic-datasource - load a datasource named [base] success
2022-05-19 16:04:34 INFO  [CMICT-Auth,,,] main com.baomidou.dynamic.datasource.DynamicRoutingDataSource dynamic-datasource initial loaded [1] datasource,primary datasource named [base]
2022-05-19 16:04:35 INFO  [CMICT-Auth,,,] main org.springframework.boot.actuate.endpoint.web.ServletEndpointRegistrar Registered '/actuator/jolokia' to jolokia-actuator-endpoint
2022-05-19 16:04:39 INFO  [CMICT-Auth,,,] main org.springframework.security.web.DefaultSecurityFilterChain Creating filter chain: OrRequestMatcher [requestMatchers=[Ant [pattern='/oauth/token'], Ant [pattern='/oauth/token_key'], Ant [pattern='/oauth/check_token']]], [org.springframework.security.web.context.request.async.WebAsyncManagerIntegrationFilter@22c8ee48, org.springframework.security.web.context.SecurityContextPersistenceFilter@2a6fb62f, org.springframework.security.web.header.HeaderWriterFilter@108b121f, org.springframework.security.web.authentication.logout.LogoutFilter@6d0114c0, org.springframework.security.web.authentication.www.BasicAuthenticationFilter@598657cd, org.springframework.security.web.savedrequest.RequestCacheAwareFilter@7b44bfb8, org.springframework.security.web.servletapi.SecurityContextHolderAwareRequestFilter@6f867b0c, org.springframework.security.web.authentication.AnonymousAuthenticationFilter@7845b21a, org.springframework.security.web.session.SessionManagementFilter@5908e6d6, org.springframework.security.web.access.ExceptionTranslationFilter@46b5f061, org.springframework.security.web.access.intercept.FilterSecurityInterceptor@5112b7]
2022-05-19 16:04:39 INFO  [CMICT-Auth,,,] main org.springframework.security.web.DefaultSecurityFilterChain Creating filter chain: OrRequestMatcher [requestMatchers=[Ant [pattern='/oauth/**']]], [org.springframework.security.web.context.request.async.WebAsyncManagerIntegrationFilter@1570cad0, org.springframework.security.web.context.SecurityContextPersistenceFilter@5d717f19, org.springframework.security.web.header.HeaderWriterFilter@3ef2b8e5, org.springframework.security.web.authentication.logout.LogoutFilter@7d284f15, com.cmict.auth.filter.ValidateCodeFilter@3b41e1bf, org.springframework.security.web.savedrequest.RequestCacheAwareFilter@18715bb, org.springframework.security.web.servletapi.SecurityContextHolderAwareRequestFilter@2a19a0fe, org.springframework.security.web.authentication.AnonymousAuthenticationFilter@21090c88, org.springframework.security.web.session.SessionManagementFilter@49190ed6, org.springframework.security.web.access.ExceptionTranslationFilter@5fb07347, org.springframework.security.web.access.intercept.FilterSecurityInterceptor@cec590c]
2022-05-19 16:04:40 INFO  [CMICT-Auth,,,] main org.springframework.security.web.DefaultSecurityFilterChain Creating filter chain: OrRequestMatcher [requestMatchers=[Ant [pattern='/**']]], [org.springframework.security.web.context.request.async.WebAsyncManagerIntegrationFilter@752973de, org.springframework.security.web.context.SecurityContextPersistenceFilter@579846cc, org.springframework.security.web.header.HeaderWriterFilter@59b447a4, org.springframework.security.web.authentication.logout.LogoutFilter@5c33008f, org.springframework.security.oauth2.provider.authentication.OAuth2AuthenticationProcessingFilter@7996d0d4, org.springframework.security.web.authentication.www.BasicAuthenticationFilter@f59da34, org.springframework.security.web.savedrequest.RequestCacheAwareFilter@a826ff8, org.springframework.security.web.servletapi.SecurityContextHolderAwareRequestFilter@71f0806b, org.springframework.security.web.authentication.AnonymousAuthenticationFilter@52a67293, org.springframework.security.web.session.SessionManagementFilter@69ba3f4e, org.springframework.security.web.access.ExceptionTranslationFilter@6ea66c33, org.springframework.security.web.access.intercept.FilterSecurityInterceptor@3b021664]
2022-05-19 16:04:40 INFO  [CMICT-Auth,,,] main com.netflix.config.sources.URLConfigurationSource To enable URLs as dynamic configuration sources, define System property archaius.configurationSource.additionalUrls or make config.properties available on classpath.
2022-05-19 16:04:40 INFO  [CMICT-Auth,,,] main org.springframework.scheduling.concurrent.ThreadPoolTaskExecutor Initializing ExecutorService 'applicationTaskExecutor'
2022-05-19 16:04:40 INFO  [CMICT-Auth,,,] main org.springframework.scheduling.concurrent.ThreadPoolTaskScheduler Initializing ExecutorService
2022-05-19 16:04:42 INFO  [CMICT-Auth,,,] main org.springframework.scheduling.concurrent.ThreadPoolTaskScheduler Initializing ExecutorService
2022-05-19 16:04:46 INFO  [CMICT-Auth,,,] main org.springframework.boot.actuate.endpoint.web.EndpointLinksResolver Exposing 19 endpoint(s) beneath base path '/actuator'
2022-05-19 16:04:46 INFO  [CMICT-Auth,,,] main org.apache.coyote.http11.Http11NioProtocol Starting ProtocolHandler ["http-nio-8101"]
2022-05-19 16:04:46 INFO  [CMICT-Auth,,,] main org.springframework.boot.web.embedded.tomcat.TomcatWebServer Tomcat started on port(s): 8101 (http) with context path ''
2022-05-19 16:04:47 INFO  [CMICT-Auth,,,] main com.alibaba.cloud.nacos.registry.NacosServiceRegistry nacos registry, DEFAULT_GROUP CMICT-Auth 2.0.4.202:8101 register finished
2022-05-19 16:04:48 INFO  [CMICT-Auth,,,] main com.cmict.auth.CmictAuthApplication Started CmictAuthApplication in 24.489 seconds (JVM running for 29.522)
2022-05-19 16:04:49 INFO  [CMICT-Auth,,,] RMI TCP Connection(21)-2.0.4.202 org.apache.catalina.core.ContainerBase.[Tomcat].[localhost].[/] Initializing Spring DispatcherServlet 'dispatcherServlet'
2022-05-19 16:04:49 INFO  [CMICT-Auth,,,] RMI TCP Connection(21)-2.0.4.202 org.springframework.web.servlet.DispatcherServlet Initializing Servlet 'dispatcherServlet'
2022-05-19 16:04:49 INFO  [CMICT-Auth,,,] RMI TCP Connection(21)-2.0.4.202 org.springframework.web.servlet.DispatcherServlet Completed initialization in 27 ms
2022-05-19 16:04:49 INFO  [CMICT-Auth,,,] boundedElastic-1 io.lettuce.core.EpollProvider Starting without optional epoll library
2022-05-19 16:04:49 INFO  [CMICT-Auth,,,] boundedElastic-1 io.lettuce.core.KqueueProvider Starting without optional kqueue library
2022-05-19 16:29:33 INFO  [springAppName_IS_UNDEFINED,,,] main org.springframework.context.support.PostProcessorRegistrationDelegate$BeanPostProcessorChecker Bean 'org.springframework.cloud.autoconfigure.ConfigurationPropertiesRebinderAutoConfiguration' of type [org.springframework.cloud.autoconfigure.ConfigurationPropertiesRebinderAutoConfiguration] is not eligible for getting processed by all BeanPostProcessors (for example: not eligible for auto-proxying)
2022-05-19 16:29:36 INFO  [CMICT-Auth,,,] main com.cmict.auth.CmictAuthApplication The following profiles are active: dev
2022-05-19 16:29:39 INFO  [CMICT-Auth,,,] main org.springframework.data.repository.config.RepositoryConfigurationDelegate Multiple Spring Data modules found, entering strict repository configuration mode!
2022-05-19 16:29:39 INFO  [CMICT-Auth,,,] main org.springframework.data.repository.config.RepositoryConfigurationDelegate Bootstrapping Spring Data repositories in DEFAULT mode.
2022-05-19 16:29:39 INFO  [CMICT-Auth,,,] main org.springframework.data.repository.config.RepositoryConfigurationDelegate Finished Spring Data repository scanning in 41ms. Found 0 repository interfaces.
2022-05-19 16:29:39 INFO  [CMICT-Auth,,,] main org.springframework.cloud.context.scope.GenericScope BeanFactory id=1a19d798-b756-3e42-9876-1ccd3222d18c
2022-05-19 16:29:40 INFO  [CMICT-Auth,,,] main org.springframework.context.support.PostProcessorRegistrationDelegate$BeanPostProcessorChecker Bean 'org.springframework.transaction.annotation.ProxyTransactionManagementConfiguration' of type [org.springframework.transaction.annotation.ProxyTransactionManagementConfiguration] is not eligible for getting processed by all BeanPostProcessors (for example: not eligible for auto-proxying)
2022-05-19 16:29:40 INFO  [CMICT-Auth,,,] main org.springframework.context.support.PostProcessorRegistrationDelegate$BeanPostProcessorChecker Bean 'spring.datasource.dynamic-com.baomidou.dynamic.datasource.spring.boot.autoconfigure.DynamicDataSourceProperties' of type [com.baomidou.dynamic.datasource.spring.boot.autoconfigure.DynamicDataSourceProperties] is not eligible for getting processed by all BeanPostProcessors (for example: not eligible for auto-proxying)
2022-05-19 16:29:40 INFO  [CMICT-Auth,,,] main org.springframework.context.support.PostProcessorRegistrationDelegate$BeanPostProcessorChecker Bean 'com.baomidou.dynamic.datasource.spring.boot.autoconfigure.DynamicDataSourceAutoConfiguration' of type [com.baomidou.dynamic.datasource.spring.boot.autoconfigure.DynamicDataSourceAutoConfiguration$$EnhancerBySpringCGLIB$$5527a41a] is not eligible for getting processed by all BeanPostProcessors (for example: not eligible for auto-proxying)
2022-05-19 16:29:40 INFO  [CMICT-Auth,,,] main org.springframework.context.support.PostProcessorRegistrationDelegate$BeanPostProcessorChecker Bean 'dsProcessor' of type [com.baomidou.dynamic.datasource.processor.DsHeaderProcessor] is not eligible for getting processed by all BeanPostProcessors (for example: not eligible for auto-proxying)
2022-05-19 16:29:40 INFO  [CMICT-Auth,,,] main org.springframework.context.support.PostProcessorRegistrationDelegate$BeanPostProcessorChecker Bean 'dynamicDatasourceAnnotationAdvisor' of type [com.baomidou.dynamic.datasource.aop.DynamicDataSourceAnnotationAdvisor] is not eligible for getting processed by all BeanPostProcessors (for example: not eligible for auto-proxying)
2022-05-19 16:29:40 INFO  [CMICT-Auth,,,] main org.springframework.context.support.PostProcessorRegistrationDelegate$BeanPostProcessorChecker Bean 'org.springframework.cloud.autoconfigure.ConfigurationPropertiesRebinderAutoConfiguration' of type [org.springframework.cloud.autoconfigure.ConfigurationPropertiesRebinderAutoConfiguration] is not eligible for getting processed by all BeanPostProcessors (for example: not eligible for auto-proxying)
2022-05-19 16:29:41 INFO  [CMICT-Auth,,,] main org.springframework.boot.web.embedded.tomcat.TomcatWebServer Tomcat initialized with port(s): 8101 (http)
2022-05-19 16:29:41 INFO  [CMICT-Auth,,,] main org.apache.coyote.http11.Http11NioProtocol Initializing ProtocolHandler ["http-nio-8101"]
2022-05-19 16:29:41 INFO  [CMICT-Auth,,,] main org.apache.catalina.core.StandardService Starting service [Tomcat]
2022-05-19 16:29:41 INFO  [CMICT-Auth,,,] main org.apache.catalina.core.StandardEngine Starting Servlet engine: [Apache Tomcat/9.0.27]
2022-05-19 16:29:41 INFO  [CMICT-Auth,,,] main org.apache.catalina.core.ContainerBase.[Tomcat].[localhost].[/] Initializing Spring embedded WebApplicationContext
2022-05-19 16:29:41 INFO  [CMICT-Auth,,,] main org.springframework.web.context.ContextLoader Root WebApplicationContext: initialization completed in 5021 ms
2022-05-19 16:29:41 INFO  [CMICT-Auth,,,] main com.netflix.config.sources.URLConfigurationSource To enable URLs as dynamic configuration sources, define System property archaius.configurationSource.additionalUrls or make config.properties available on classpath.
2022-05-19 16:29:41 INFO  [CMICT-Auth,,,] main com.netflix.config.DynamicPropertyFactory DynamicPropertyFactory is initialized with configuration sources: com.netflix.config.ConcurrentCompositeConfiguration@49e4c2d5
2022-05-19 16:29:44 INFO  [CMICT-Auth,,,] main com.zaxxer.hikari.HikariDataSource base - Starting...
2022-05-19 16:29:45 INFO  [CMICT-Auth,,,] main com.zaxxer.hikari.HikariDataSource base - Start completed.
2022-05-19 16:29:45 INFO  [CMICT-Auth,,,] main com.baomidou.dynamic.datasource.DynamicRoutingDataSource dynamic-datasource - load a datasource named [base] success
2022-05-19 16:29:45 INFO  [CMICT-Auth,,,] main com.baomidou.dynamic.datasource.DynamicRoutingDataSource dynamic-datasource initial loaded [1] datasource,primary datasource named [base]
2022-05-19 16:29:46 INFO  [CMICT-Auth,,,] main org.springframework.boot.actuate.endpoint.web.ServletEndpointRegistrar Registered '/actuator/jolokia' to jolokia-actuator-endpoint
2022-05-19 16:29:50 INFO  [CMICT-Auth,,,] main org.springframework.security.web.DefaultSecurityFilterChain Creating filter chain: OrRequestMatcher [requestMatchers=[Ant [pattern='/oauth/token'], Ant [pattern='/oauth/token_key'], Ant [pattern='/oauth/check_token']]], [org.springframework.security.web.context.request.async.WebAsyncManagerIntegrationFilter@5d717f19, org.springframework.security.web.context.SecurityContextPersistenceFilter@6f867b0c, org.springframework.security.web.header.HeaderWriterFilter@7afbf2a0, org.springframework.security.web.authentication.logout.LogoutFilter@adafe19, org.springframework.security.web.authentication.www.BasicAuthenticationFilter@13fe5bb7, org.springframework.security.web.savedrequest.RequestCacheAwareFilter@54be6213, org.springframework.security.web.servletapi.SecurityContextHolderAwareRequestFilter@75527e36, org.springframework.security.web.authentication.AnonymousAuthenticationFilter@18715bb, org.springframework.security.web.session.SessionManagementFilter@2aa6bbad, org.springframework.security.web.access.ExceptionTranslationFilter@5822ecda, org.springframework.security.web.access.intercept.FilterSecurityInterceptor@39ace1a7]
2022-05-19 16:29:50 INFO  [CMICT-Auth,,,] main org.springframework.security.web.DefaultSecurityFilterChain Creating filter chain: OrRequestMatcher [requestMatchers=[Ant [pattern='/oauth/**']]], [org.springframework.security.web.context.request.async.WebAsyncManagerIntegrationFilter@6ea66c33, org.springframework.security.web.context.SecurityContextPersistenceFilter@d62472f, org.springframework.security.web.header.HeaderWriterFilter@1570cad0, org.springframework.security.web.authentication.logout.LogoutFilter@65d73bd, com.cmict.auth.filter.ValidateCodeFilter@13213f26, org.springframework.security.web.savedrequest.RequestCacheAwareFilter@63a84bb6, org.springframework.security.web.servletapi.SecurityContextHolderAwareRequestFilter@701d2b59, org.springframework.security.web.authentication.AnonymousAuthenticationFilter@59b447a4, org.springframework.security.web.session.SessionManagementFilter@21090c88, org.springframework.security.web.access.ExceptionTranslationFilter@cec590c, org.springframework.security.web.access.intercept.FilterSecurityInterceptor@6e9a10cd]
2022-05-19 16:29:50 INFO  [CMICT-Auth,,,] main org.springframework.security.web.DefaultSecurityFilterChain Creating filter chain: OrRequestMatcher [requestMatchers=[Ant [pattern='/**']]], [org.springframework.security.web.context.request.async.WebAsyncManagerIntegrationFilter@3212d853, org.springframework.security.web.context.SecurityContextPersistenceFilter@63187d63, org.springframework.security.web.header.HeaderWriterFilter@3df77dfa, org.springframework.security.web.authentication.logout.LogoutFilter@368424db, org.springframework.security.oauth2.provider.authentication.OAuth2AuthenticationProcessingFilter@752973de, org.springframework.security.web.authentication.www.BasicAuthenticationFilter@16e195cf, org.springframework.security.web.savedrequest.RequestCacheAwareFilter@1ccdc7aa, org.springframework.security.web.servletapi.SecurityContextHolderAwareRequestFilter@1a536164, org.springframework.security.web.authentication.AnonymousAuthenticationFilter@74c7522c, org.springframework.security.web.session.SessionManagementFilter@721fc2e3, org.springframework.security.web.access.ExceptionTranslationFilter@64f3ca6, org.springframework.security.web.access.intercept.FilterSecurityInterceptor@60fc7f43]
2022-05-19 16:29:50 INFO  [CMICT-Auth,,,] main com.netflix.config.sources.URLConfigurationSource To enable URLs as dynamic configuration sources, define System property archaius.configurationSource.additionalUrls or make config.properties available on classpath.
2022-05-19 16:29:50 INFO  [CMICT-Auth,,,] main org.springframework.scheduling.concurrent.ThreadPoolTaskExecutor Initializing ExecutorService 'applicationTaskExecutor'
2022-05-19 16:29:50 INFO  [CMICT-Auth,,,] main org.springframework.scheduling.concurrent.ThreadPoolTaskScheduler Initializing ExecutorService
2022-05-19 16:29:52 INFO  [CMICT-Auth,,,] main org.springframework.scheduling.concurrent.ThreadPoolTaskScheduler Initializing ExecutorService
2022-05-19 16:29:58 INFO  [CMICT-Auth,,,] main org.springframework.boot.actuate.endpoint.web.EndpointLinksResolver Exposing 19 endpoint(s) beneath base path '/actuator'
2022-05-19 16:29:58 INFO  [CMICT-Auth,,,] main org.apache.coyote.http11.Http11NioProtocol Starting ProtocolHandler ["http-nio-8101"]
2022-05-19 16:29:58 INFO  [CMICT-Auth,,,] main org.springframework.boot.web.embedded.tomcat.TomcatWebServer Tomcat started on port(s): 8101 (http) with context path ''
2022-05-19 16:29:59 INFO  [CMICT-Auth,,,] main com.alibaba.cloud.nacos.registry.NacosServiceRegistry nacos registry, DEFAULT_GROUP CMICT-Auth 2.0.4.202:8101 register finished
2022-05-19 16:30:05 INFO  [CMICT-Auth,,,] main com.cmict.auth.CmictAuthApplication Started CmictAuthApplication in 34.284 seconds (JVM running for 36.652)
2022-05-19 16:30:05 INFO  [CMICT-Auth,,,] RMI TCP Connection(18)-2.0.4.202 org.apache.catalina.core.ContainerBase.[Tomcat].[localhost].[/] Initializing Spring DispatcherServlet 'dispatcherServlet'
2022-05-19 16:30:05 INFO  [CMICT-Auth,,,] RMI TCP Connection(18)-2.0.4.202 org.springframework.web.servlet.DispatcherServlet Initializing Servlet 'dispatcherServlet'
2022-05-19 16:30:05 INFO  [CMICT-Auth,,,] RMI TCP Connection(18)-2.0.4.202 org.springframework.web.servlet.DispatcherServlet Completed initialization in 32 ms
2022-05-19 16:30:06 INFO  [CMICT-Auth,,,] boundedElastic-1 io.lettuce.core.EpollProvider Starting without optional epoll library
2022-05-19 16:30:06 INFO  [CMICT-Auth,,,] boundedElastic-1 io.lettuce.core.KqueueProvider Starting without optional kqueue library
2022-05-19 16:32:09 INFO  [springAppName_IS_UNDEFINED,,,] main org.springframework.context.support.PostProcessorRegistrationDelegate$BeanPostProcessorChecker Bean 'org.springframework.cloud.autoconfigure.ConfigurationPropertiesRebinderAutoConfiguration' of type [org.springframework.cloud.autoconfigure.ConfigurationPropertiesRebinderAutoConfiguration] is not eligible for getting processed by all BeanPostProcessors (for example: not eligible for auto-proxying)
2022-05-19 16:32:11 INFO  [CMICT-Auth,,,] main com.cmict.auth.CmictAuthApplication The following profiles are active: dev
2022-05-19 16:32:14 INFO  [CMICT-Auth,,,] main org.springframework.data.repository.config.RepositoryConfigurationDelegate Multiple Spring Data modules found, entering strict repository configuration mode!
2022-05-19 16:32:14 INFO  [CMICT-Auth,,,] main org.springframework.data.repository.config.RepositoryConfigurationDelegate Bootstrapping Spring Data repositories in DEFAULT mode.
2022-05-19 16:32:15 INFO  [CMICT-Auth,,,] main org.springframework.data.repository.config.RepositoryConfigurationDelegate Finished Spring Data repository scanning in 66ms. Found 0 repository interfaces.
2022-05-19 16:32:16 INFO  [CMICT-Auth,,,] main org.springframework.cloud.context.scope.GenericScope BeanFactory id=1a19d798-b756-3e42-9876-1ccd3222d18c
2022-05-19 16:32:16 INFO  [CMICT-Auth,,,] main org.springframework.context.support.PostProcessorRegistrationDelegate$BeanPostProcessorChecker Bean 'org.springframework.transaction.annotation.ProxyTransactionManagementConfiguration' of type [org.springframework.transaction.annotation.ProxyTransactionManagementConfiguration] is not eligible for getting processed by all BeanPostProcessors (for example: not eligible for auto-proxying)
2022-05-19 16:32:16 INFO  [CMICT-Auth,,,] main org.springframework.context.support.PostProcessorRegistrationDelegate$BeanPostProcessorChecker Bean 'spring.datasource.dynamic-com.baomidou.dynamic.datasource.spring.boot.autoconfigure.DynamicDataSourceProperties' of type [com.baomidou.dynamic.datasource.spring.boot.autoconfigure.DynamicDataSourceProperties] is not eligible for getting processed by all BeanPostProcessors (for example: not eligible for auto-proxying)
2022-05-19 16:32:16 INFO  [CMICT-Auth,,,] main org.springframework.context.support.PostProcessorRegistrationDelegate$BeanPostProcessorChecker Bean 'com.baomidou.dynamic.datasource.spring.boot.autoconfigure.DynamicDataSourceAutoConfiguration' of type [com.baomidou.dynamic.datasource.spring.boot.autoconfigure.DynamicDataSourceAutoConfiguration$$EnhancerBySpringCGLIB$$90c88466] is not eligible for getting processed by all BeanPostProcessors (for example: not eligible for auto-proxying)
2022-05-19 16:32:16 INFO  [CMICT-Auth,,,] main org.springframework.context.support.PostProcessorRegistrationDelegate$BeanPostProcessorChecker Bean 'dsProcessor' of type [com.baomidou.dynamic.datasource.processor.DsHeaderProcessor] is not eligible for getting processed by all BeanPostProcessors (for example: not eligible for auto-proxying)
2022-05-19 16:32:16 INFO  [CMICT-Auth,,,] main org.springframework.context.support.PostProcessorRegistrationDelegate$BeanPostProcessorChecker Bean 'dynamicDatasourceAnnotationAdvisor' of type [com.baomidou.dynamic.datasource.aop.DynamicDataSourceAnnotationAdvisor] is not eligible for getting processed by all BeanPostProcessors (for example: not eligible for auto-proxying)
2022-05-19 16:32:16 INFO  [CMICT-Auth,,,] main org.springframework.context.support.PostProcessorRegistrationDelegate$BeanPostProcessorChecker Bean 'org.springframework.cloud.autoconfigure.ConfigurationPropertiesRebinderAutoConfiguration' of type [org.springframework.cloud.autoconfigure.ConfigurationPropertiesRebinderAutoConfiguration] is not eligible for getting processed by all BeanPostProcessors (for example: not eligible for auto-proxying)
2022-05-19 16:32:17 INFO  [CMICT-Auth,,,] main org.springframework.boot.web.embedded.tomcat.TomcatWebServer Tomcat initialized with port(s): 8101 (http)
2022-05-19 16:32:17 INFO  [CMICT-Auth,,,] main org.apache.coyote.http11.Http11NioProtocol Initializing ProtocolHandler ["http-nio-8101"]
2022-05-19 16:32:17 INFO  [CMICT-Auth,,,] main org.apache.catalina.core.StandardService Starting service [Tomcat]
2022-05-19 16:32:17 INFO  [CMICT-Auth,,,] main org.apache.catalina.core.StandardEngine Starting Servlet engine: [Apache Tomcat/9.0.27]
2022-05-19 16:32:17 INFO  [CMICT-Auth,,,] main org.apache.catalina.core.ContainerBase.[Tomcat].[localhost].[/] Initializing Spring embedded WebApplicationContext
2022-05-19 16:32:17 INFO  [CMICT-Auth,,,] main org.springframework.web.context.ContextLoader Root WebApplicationContext: initialization completed in 5929 ms
2022-05-19 16:32:17 INFO  [CMICT-Auth,,,] main com.netflix.config.sources.URLConfigurationSource To enable URLs as dynamic configuration sources, define System property archaius.configurationSource.additionalUrls or make config.properties available on classpath.
2022-05-19 16:32:17 INFO  [CMICT-Auth,,,] main com.netflix.config.DynamicPropertyFactory DynamicPropertyFactory is initialized with configuration sources: com.netflix.config.ConcurrentCompositeConfiguration@3ba348ca
2022-05-19 16:32:20 INFO  [CMICT-Auth,,,] main com.zaxxer.hikari.HikariDataSource base - Starting...
2022-05-19 16:32:20 INFO  [CMICT-Auth,,,] main com.zaxxer.hikari.HikariDataSource base - Start completed.
2022-05-19 16:32:20 INFO  [CMICT-Auth,,,] main com.baomidou.dynamic.datasource.DynamicRoutingDataSource dynamic-datasource - load a datasource named [base] success
2022-05-19 16:32:20 INFO  [CMICT-Auth,,,] main com.baomidou.dynamic.datasource.DynamicRoutingDataSource dynamic-datasource initial loaded [1] datasource,primary datasource named [base]
2022-05-19 16:32:22 INFO  [CMICT-Auth,,,] main org.springframework.boot.actuate.endpoint.web.ServletEndpointRegistrar Registered '/actuator/jolokia' to jolokia-actuator-endpoint
2022-05-19 16:32:26 INFO  [CMICT-Auth,,,] main org.springframework.security.web.DefaultSecurityFilterChain Creating filter chain: OrRequestMatcher [requestMatchers=[Ant [pattern='/oauth/token'], Ant [pattern='/oauth/token_key'], Ant [pattern='/oauth/check_token']]], [org.springframework.security.web.context.request.async.WebAsyncManagerIntegrationFilter@69ba3f4e, org.springframework.security.web.context.SecurityContextPersistenceFilter@4b6b5352, org.springframework.security.web.header.HeaderWriterFilter@75527e36, org.springframework.security.web.authentication.logout.LogoutFilter@3a3ad8e7, org.springframework.security.web.authentication.www.BasicAuthenticationFilter@3ed7dd70, org.springframework.security.web.savedrequest.RequestCacheAwareFilter@3b39e79b, org.springframework.security.web.servletapi.SecurityContextHolderAwareRequestFilter@6dded900, org.springframework.security.web.authentication.AnonymousAuthenticationFilter@579846cc, org.springframework.security.web.session.SessionManagementFilter@1b47b7f5, org.springframework.security.web.access.ExceptionTranslationFilter@21c75084, org.springframework.security.web.access.intercept.FilterSecurityInterceptor@2a19a0fe]
2022-05-19 16:32:26 INFO  [CMICT-Auth,,,] main org.springframework.security.web.DefaultSecurityFilterChain Creating filter chain: OrRequestMatcher [requestMatchers=[Ant [pattern='/oauth/**']]], [org.springframework.security.web.context.request.async.WebAsyncManagerIntegrationFilter@7996d0d4, org.springframework.security.web.context.SecurityContextPersistenceFilter@3df77dfa, org.springframework.security.web.header.HeaderWriterFilter@79ad1774, org.springframework.security.web.authentication.logout.LogoutFilter@1a536164, com.cmict.auth.filter.ValidateCodeFilter@5edc3e29, org.springframework.security.web.savedrequest.RequestCacheAwareFilter@721fc2e3, org.springframework.security.web.servletapi.SecurityContextHolderAwareRequestFilter@63187d63, org.springframework.security.web.authentication.AnonymousAuthenticationFilter@fcf9525, org.springframework.security.web.session.SessionManagementFilter@64f3ca6, org.springframework.security.web.access.ExceptionTranslationFilter@3dde5f38, org.springframework.security.web.access.intercept.FilterSecurityInterceptor@6e239337]
2022-05-19 16:32:26 INFO  [CMICT-Auth,,,] main org.springframework.security.web.DefaultSecurityFilterChain Creating filter chain: OrRequestMatcher [requestMatchers=[Ant [pattern='/**']]], [org.springframework.security.web.context.request.async.WebAsyncManagerIntegrationFilter@2037f12b, org.springframework.security.web.context.SecurityContextPersistenceFilter@38f502fc, org.springframework.security.web.header.HeaderWriterFilter@52a67293, org.springframework.security.web.authentication.logout.LogoutFilter@6903ed0e, org.springframework.security.oauth2.provider.authentication.OAuth2AuthenticationProcessingFilter@e795a1d, org.springframework.security.web.authentication.www.BasicAuthenticationFilter@3095d401, org.springframework.security.web.savedrequest.RequestCacheAwareFilter@67c21bf, org.springframework.security.web.servletapi.SecurityContextHolderAwareRequestFilter@67afe909, org.springframework.security.web.authentication.AnonymousAuthenticationFilter@687a0e40, org.springframework.security.web.session.SessionManagementFilter@793cef95, org.springframework.security.web.access.ExceptionTranslationFilter@752973de, org.springframework.security.web.access.intercept.FilterSecurityInterceptor@6fc1a8f6]
2022-05-19 16:32:26 INFO  [CMICT-Auth,,,] main com.netflix.config.sources.URLConfigurationSource To enable URLs as dynamic configuration sources, define System property archaius.configurationSource.additionalUrls or make config.properties available on classpath.
2022-05-19 16:32:26 INFO  [CMICT-Auth,,,] main org.springframework.scheduling.concurrent.ThreadPoolTaskExecutor Initializing ExecutorService 'applicationTaskExecutor'
2022-05-19 16:32:26 INFO  [CMICT-Auth,,,] main org.springframework.scheduling.concurrent.ThreadPoolTaskScheduler Initializing ExecutorService
2022-05-19 16:32:28 INFO  [CMICT-Auth,,,] main org.springframework.scheduling.concurrent.ThreadPoolTaskScheduler Initializing ExecutorService
2022-05-19 16:32:33 INFO  [CMICT-Auth,,,] main org.springframework.boot.actuate.endpoint.web.EndpointLinksResolver Exposing 19 endpoint(s) beneath base path '/actuator'
2022-05-19 16:32:33 INFO  [CMICT-Auth,,,] main org.apache.coyote.http11.Http11NioProtocol Starting ProtocolHandler ["http-nio-8101"]
2022-05-19 16:32:34 INFO  [CMICT-Auth,,,] main org.springframework.boot.web.embedded.tomcat.TomcatWebServer Tomcat started on port(s): 8101 (http) with context path ''
2022-05-19 16:32:34 INFO  [CMICT-Auth,,,] main com.alibaba.cloud.nacos.registry.NacosServiceRegistry nacos registry, DEFAULT_GROUP CMICT-Auth 2.0.4.202:8101 register finished
2022-05-19 16:32:37 INFO  [CMICT-Auth,,,] main com.cmict.auth.CmictAuthApplication Started CmictAuthApplication in 29.718 seconds (JVM running for 34.459)
2022-05-19 16:32:37 INFO  [CMICT-Auth,,,] RMI TCP Connection(12)-2.0.4.202 org.apache.catalina.core.ContainerBase.[Tomcat].[localhost].[/] Initializing Spring DispatcherServlet 'dispatcherServlet'
2022-05-19 16:32:37 INFO  [CMICT-Auth,,,] RMI TCP Connection(12)-2.0.4.202 org.springframework.web.servlet.DispatcherServlet Initializing Servlet 'dispatcherServlet'
2022-05-19 16:32:37 INFO  [CMICT-Auth,,,] RMI TCP Connection(12)-2.0.4.202 org.springframework.web.servlet.DispatcherServlet Completed initialization in 16 ms
2022-05-19 16:32:37 INFO  [CMICT-Auth,,,] boundedElastic-1 io.lettuce.core.EpollProvider Starting without optional epoll library
2022-05-19 16:32:37 INFO  [CMICT-Auth,,,] boundedElastic-1 io.lettuce.core.KqueueProvider Starting without optional kqueue library
