2022-05-19 16:04:44 INFO  [springAppName_IS_UNDEFINED,,,] main org.springframework.context.support.PostProcessorRegistrationDelegate$BeanPostProcessorChecker Bean 'org.springframework.cloud.autoconfigure.ConfigurationPropertiesRebinderAutoConfiguration' of type [org.springframework.cloud.autoconfigure.ConfigurationPropertiesRebinderAutoConfiguration] is not eligible for getting processed by all BeanPostProcessors (for example: not eligible for auto-proxying)
2022-05-19 16:04:46 INFO  [CMICT-Gateway,,,] main com.cmict.gateway.CmictGatewayApplication The following profiles are active: dev
2022-05-19 16:04:47 INFO  [CMICT-Gateway,,,] main org.springframework.data.repository.config.RepositoryConfigurationDelegate Multiple Spring Data modules found, entering strict repository configuration mode!
2022-05-19 16:04:47 INFO  [CMICT-Gateway,,,] main org.springframework.data.repository.config.RepositoryConfigurationDelegate Bootstrapping Spring Data repositories in DEFAULT mode.
2022-05-19 16:04:47 INFO  [CMICT-Gateway,,,] main org.springframework.data.repository.config.RepositoryConfigurationDelegate Finished Spring Data repository scanning in 11ms. Found 0 repository interfaces.
2022-05-19 16:04:47 INFO  [CMICT-Gateway,,,] main org.springframework.cloud.context.scope.GenericScope BeanFactory id=959573c0-6243-3bc8-8bf8-c96a7d4af821
2022-05-19 16:04:47 INFO  [CMICT-Gateway,,,] main org.springframework.context.support.PostProcessorRegistrationDelegate$BeanPostProcessorChecker Bean 'org.springframework.transaction.annotation.ProxyTransactionManagementConfiguration' of type [org.springframework.transaction.annotation.ProxyTransactionManagementConfiguration] is not eligible for getting processed by all BeanPostProcessors (for example: not eligible for auto-proxying)
2022-05-19 16:04:47 INFO  [CMICT-Gateway,,,] main org.springframework.context.support.PostProcessorRegistrationDelegate$BeanPostProcessorChecker Bean 'org.springframework.cloud.autoconfigure.ConfigurationPropertiesRebinderAutoConfiguration' of type [org.springframework.cloud.autoconfigure.ConfigurationPropertiesRebinderAutoConfiguration] is not eligible for getting processed by all BeanPostProcessors (for example: not eligible for auto-proxying)
2022-05-19 16:04:47 INFO  [CMICT-Gateway,,,] main org.springframework.context.support.PostProcessorRegistrationDelegate$BeanPostProcessorChecker Bean 'org.springframework.cloud.client.loadbalancer.reactive.LoadBalancerBeanPostProcessorAutoConfiguration' of type [org.springframework.cloud.client.loadbalancer.reactive.LoadBalancerBeanPostProcessorAutoConfiguration] is not eligible for getting processed by all BeanPostProcessors (for example: not eligible for auto-proxying)
2022-05-19 16:04:47 INFO  [CMICT-Gateway,,,] main org.springframework.context.support.PostProcessorRegistrationDelegate$BeanPostProcessorChecker Bean 'org.springframework.cloud.client.loadbalancer.reactive.LoadBalancerBeanPostProcessorAutoConfiguration$ReactiveLoadBalancerConfig' of type [org.springframework.cloud.client.loadbalancer.reactive.LoadBalancerBeanPostProcessorAutoConfiguration$ReactiveLoadBalancerConfig] is not eligible for getting processed by all BeanPostProcessors (for example: not eligible for auto-proxying)
2022-05-19 16:04:47 INFO  [CMICT-Gateway,,,] main org.springframework.context.support.PostProcessorRegistrationDelegate$BeanPostProcessorChecker Bean 'deferringLoadBalancerExchangeFilterFunction' of type [org.springframework.cloud.client.loadbalancer.reactive.DeferringLoadBalancerExchangeFilterFunction] is not eligible for getting processed by all BeanPostProcessors (for example: not eligible for auto-proxying)
2022-05-19 16:04:49 INFO  [CMICT-Gateway,,,] main com.zaxxer.hikari.HikariDataSource HikariPool-1 - Starting...
2022-05-19 16:04:49 INFO  [CMICT-Gateway,,,] main com.zaxxer.hikari.HikariDataSource HikariPool-1 - Start completed.
2022-05-19 16:04:50 INFO  [CMICT-Gateway,,,] main io.lettuce.core.EpollProvider Starting without optional epoll library
2022-05-19 16:04:50 INFO  [CMICT-Gateway,,,] main io.lettuce.core.KqueueProvider Starting without optional kqueue library
2022-05-19 16:04:52 INFO  [CMICT-Gateway,,,] main com.netflix.config.sources.URLConfigurationSource To enable URLs as dynamic configuration sources, define System property archaius.configurationSource.additionalUrls or make config.properties available on classpath.
2022-05-19 16:04:52 INFO  [CMICT-Gateway,,,] main com.netflix.config.sources.URLConfigurationSource To enable URLs as dynamic configuration sources, define System property archaius.configurationSource.additionalUrls or make config.properties available on classpath.
2022-05-19 16:04:56 INFO  [CMICT-Gateway,,,] main org.springframework.cloud.gateway.route.RouteDefinitionRouteLocator Loaded RoutePredicateFactory [After]
2022-05-19 16:04:56 INFO  [CMICT-Gateway,,,] main org.springframework.cloud.gateway.route.RouteDefinitionRouteLocator Loaded RoutePredicateFactory [Before]
2022-05-19 16:04:56 INFO  [CMICT-Gateway,,,] main org.springframework.cloud.gateway.route.RouteDefinitionRouteLocator Loaded RoutePredicateFactory [Between]
2022-05-19 16:04:56 INFO  [CMICT-Gateway,,,] main org.springframework.cloud.gateway.route.RouteDefinitionRouteLocator Loaded RoutePredicateFactory [Cookie]
2022-05-19 16:04:56 INFO  [CMICT-Gateway,,,] main org.springframework.cloud.gateway.route.RouteDefinitionRouteLocator Loaded RoutePredicateFactory [Header]
2022-05-19 16:04:56 INFO  [CMICT-Gateway,,,] main org.springframework.cloud.gateway.route.RouteDefinitionRouteLocator Loaded RoutePredicateFactory [Host]
2022-05-19 16:04:56 INFO  [CMICT-Gateway,,,] main org.springframework.cloud.gateway.route.RouteDefinitionRouteLocator Loaded RoutePredicateFactory [Method]
2022-05-19 16:04:56 INFO  [CMICT-Gateway,,,] main org.springframework.cloud.gateway.route.RouteDefinitionRouteLocator Loaded RoutePredicateFactory [Path]
2022-05-19 16:04:56 INFO  [CMICT-Gateway,,,] main org.springframework.cloud.gateway.route.RouteDefinitionRouteLocator Loaded RoutePredicateFactory [Query]
2022-05-19 16:04:56 INFO  [CMICT-Gateway,,,] main org.springframework.cloud.gateway.route.RouteDefinitionRouteLocator Loaded RoutePredicateFactory [ReadBodyPredicateFactory]
2022-05-19 16:04:56 INFO  [CMICT-Gateway,,,] main org.springframework.cloud.gateway.route.RouteDefinitionRouteLocator Loaded RoutePredicateFactory [RemoteAddr]
2022-05-19 16:04:56 INFO  [CMICT-Gateway,,,] main org.springframework.cloud.gateway.route.RouteDefinitionRouteLocator Loaded RoutePredicateFactory [Weight]
2022-05-19 16:04:56 INFO  [CMICT-Gateway,,,] main org.springframework.cloud.gateway.route.RouteDefinitionRouteLocator Loaded RoutePredicateFactory [CloudFoundryRouteService]
2022-05-19 16:04:56 INFO  [CMICT-Gateway,,,] main org.springframework.scheduling.concurrent.ThreadPoolTaskScheduler Initializing ExecutorService
2022-05-19 16:05:02 INFO  [CMICT-Gateway,,,] main org.springframework.boot.web.embedded.netty.NettyWebServer Netty started on port(s): 8301
2022-05-19 16:05:03 INFO  [CMICT-Gateway,,,] main com.alibaba.cloud.nacos.registry.NacosServiceRegistry nacos registry, DEFAULT_GROUP CMICT-Gateway 2.0.4.202:8301 register finished
2022-05-19 16:05:04 INFO  [CMICT-Gateway,,,] main com.cmict.gateway.CmictGatewayApplication Started CmictGatewayApplication in 23.162 seconds (JVM running for 27.237)
2022-05-19 16:30:13 INFO  [springAppName_IS_UNDEFINED,,,] main org.springframework.context.support.PostProcessorRegistrationDelegate$BeanPostProcessorChecker Bean 'org.springframework.cloud.autoconfigure.ConfigurationPropertiesRebinderAutoConfiguration' of type [org.springframework.cloud.autoconfigure.ConfigurationPropertiesRebinderAutoConfiguration] is not eligible for getting processed by all BeanPostProcessors (for example: not eligible for auto-proxying)
2022-05-19 16:30:17 INFO  [CMICT-Gateway,,,] main com.cmict.gateway.CmictGatewayApplication The following profiles are active: dev
2022-05-19 16:30:19 INFO  [CMICT-Gateway,,,] main org.springframework.data.repository.config.RepositoryConfigurationDelegate Multiple Spring Data modules found, entering strict repository configuration mode!
2022-05-19 16:30:19 INFO  [CMICT-Gateway,,,] main org.springframework.data.repository.config.RepositoryConfigurationDelegate Bootstrapping Spring Data repositories in DEFAULT mode.
2022-05-19 16:30:19 INFO  [CMICT-Gateway,,,] main org.springframework.data.repository.config.RepositoryConfigurationDelegate Finished Spring Data repository scanning in 15ms. Found 0 repository interfaces.
2022-05-19 16:30:19 INFO  [CMICT-Gateway,,,] main org.springframework.cloud.context.scope.GenericScope BeanFactory id=f67eeb51-7a0c-337e-a138-ec870cec2c71
2022-05-19 16:30:19 INFO  [CMICT-Gateway,,,] main org.springframework.context.support.PostProcessorRegistrationDelegate$BeanPostProcessorChecker Bean 'org.springframework.transaction.annotation.ProxyTransactionManagementConfiguration' of type [org.springframework.transaction.annotation.ProxyTransactionManagementConfiguration] is not eligible for getting processed by all BeanPostProcessors (for example: not eligible for auto-proxying)
2022-05-19 16:30:20 INFO  [CMICT-Gateway,,,] main org.springframework.context.support.PostProcessorRegistrationDelegate$BeanPostProcessorChecker Bean 'org.springframework.cloud.autoconfigure.ConfigurationPropertiesRebinderAutoConfiguration' of type [org.springframework.cloud.autoconfigure.ConfigurationPropertiesRebinderAutoConfiguration] is not eligible for getting processed by all BeanPostProcessors (for example: not eligible for auto-proxying)
2022-05-19 16:30:20 INFO  [CMICT-Gateway,,,] main org.springframework.context.support.PostProcessorRegistrationDelegate$BeanPostProcessorChecker Bean 'org.springframework.cloud.client.loadbalancer.reactive.LoadBalancerBeanPostProcessorAutoConfiguration' of type [org.springframework.cloud.client.loadbalancer.reactive.LoadBalancerBeanPostProcessorAutoConfiguration] is not eligible for getting processed by all BeanPostProcessors (for example: not eligible for auto-proxying)
2022-05-19 16:30:20 INFO  [CMICT-Gateway,,,] main org.springframework.context.support.PostProcessorRegistrationDelegate$BeanPostProcessorChecker Bean 'org.springframework.cloud.client.loadbalancer.reactive.LoadBalancerBeanPostProcessorAutoConfiguration$ReactiveLoadBalancerConfig' of type [org.springframework.cloud.client.loadbalancer.reactive.LoadBalancerBeanPostProcessorAutoConfiguration$ReactiveLoadBalancerConfig] is not eligible for getting processed by all BeanPostProcessors (for example: not eligible for auto-proxying)
2022-05-19 16:30:20 INFO  [CMICT-Gateway,,,] main org.springframework.context.support.PostProcessorRegistrationDelegate$BeanPostProcessorChecker Bean 'deferringLoadBalancerExchangeFilterFunction' of type [org.springframework.cloud.client.loadbalancer.reactive.DeferringLoadBalancerExchangeFilterFunction] is not eligible for getting processed by all BeanPostProcessors (for example: not eligible for auto-proxying)
2022-05-19 16:30:21 INFO  [CMICT-Gateway,,,] main com.zaxxer.hikari.HikariDataSource HikariPool-1 - Starting...
2022-05-19 16:30:21 INFO  [CMICT-Gateway,,,] main com.zaxxer.hikari.HikariDataSource HikariPool-1 - Start completed.
2022-05-19 16:30:21 INFO  [CMICT-Gateway,,,] main io.lettuce.core.EpollProvider Starting without optional epoll library
2022-05-19 16:30:21 INFO  [CMICT-Gateway,,,] main io.lettuce.core.KqueueProvider Starting without optional kqueue library
2022-05-19 16:30:23 INFO  [CMICT-Gateway,,,] main com.netflix.config.sources.URLConfigurationSource To enable URLs as dynamic configuration sources, define System property archaius.configurationSource.additionalUrls or make config.properties available on classpath.
2022-05-19 16:30:23 INFO  [CMICT-Gateway,,,] main com.netflix.config.sources.URLConfigurationSource To enable URLs as dynamic configuration sources, define System property archaius.configurationSource.additionalUrls or make config.properties available on classpath.
2022-05-19 16:30:26 INFO  [CMICT-Gateway,,,] main org.springframework.cloud.gateway.route.RouteDefinitionRouteLocator Loaded RoutePredicateFactory [After]
2022-05-19 16:30:26 INFO  [CMICT-Gateway,,,] main org.springframework.cloud.gateway.route.RouteDefinitionRouteLocator Loaded RoutePredicateFactory [Before]
2022-05-19 16:30:26 INFO  [CMICT-Gateway,,,] main org.springframework.cloud.gateway.route.RouteDefinitionRouteLocator Loaded RoutePredicateFactory [Between]
2022-05-19 16:30:26 INFO  [CMICT-Gateway,,,] main org.springframework.cloud.gateway.route.RouteDefinitionRouteLocator Loaded RoutePredicateFactory [Cookie]
2022-05-19 16:30:26 INFO  [CMICT-Gateway,,,] main org.springframework.cloud.gateway.route.RouteDefinitionRouteLocator Loaded RoutePredicateFactory [Header]
2022-05-19 16:30:26 INFO  [CMICT-Gateway,,,] main org.springframework.cloud.gateway.route.RouteDefinitionRouteLocator Loaded RoutePredicateFactory [Host]
2022-05-19 16:30:26 INFO  [CMICT-Gateway,,,] main org.springframework.cloud.gateway.route.RouteDefinitionRouteLocator Loaded RoutePredicateFactory [Method]
2022-05-19 16:30:26 INFO  [CMICT-Gateway,,,] main org.springframework.cloud.gateway.route.RouteDefinitionRouteLocator Loaded RoutePredicateFactory [Path]
2022-05-19 16:30:26 INFO  [CMICT-Gateway,,,] main org.springframework.cloud.gateway.route.RouteDefinitionRouteLocator Loaded RoutePredicateFactory [Query]
2022-05-19 16:30:26 INFO  [CMICT-Gateway,,,] main org.springframework.cloud.gateway.route.RouteDefinitionRouteLocator Loaded RoutePredicateFactory [ReadBodyPredicateFactory]
2022-05-19 16:30:26 INFO  [CMICT-Gateway,,,] main org.springframework.cloud.gateway.route.RouteDefinitionRouteLocator Loaded RoutePredicateFactory [RemoteAddr]
2022-05-19 16:30:26 INFO  [CMICT-Gateway,,,] main org.springframework.cloud.gateway.route.RouteDefinitionRouteLocator Loaded RoutePredicateFactory [Weight]
2022-05-19 16:30:26 INFO  [CMICT-Gateway,,,] main org.springframework.cloud.gateway.route.RouteDefinitionRouteLocator Loaded RoutePredicateFactory [CloudFoundryRouteService]
2022-05-19 16:30:28 INFO  [CMICT-Gateway,,,] main org.springframework.boot.actuate.endpoint.web.EndpointLinksResolver Exposing 2 endpoint(s) beneath base path '/actuator'
2022-05-19 16:30:28 INFO  [CMICT-Gateway,,,] main org.springframework.scheduling.concurrent.ThreadPoolTaskScheduler Initializing ExecutorService
2022-05-19 16:30:30 INFO  [CMICT-Gateway,,,] main org.springframework.boot.web.embedded.netty.NettyWebServer Netty started on port(s): 8301
2022-05-19 16:30:32 INFO  [CMICT-Gateway,,,] main com.alibaba.cloud.nacos.registry.NacosServiceRegistry nacos registry, DEFAULT_GROUP CMICT-Gateway 2.0.4.202:8301 register finished
2022-05-19 16:30:32 INFO  [CMICT-Gateway,,,] main com.cmict.gateway.CmictGatewayApplication Started CmictGatewayApplication in 23.799 seconds (JVM running for 28.411)
2022-05-19 16:32:28 INFO  [springAppName_IS_UNDEFINED,,,] main org.springframework.context.support.PostProcessorRegistrationDelegate$BeanPostProcessorChecker Bean 'org.springframework.cloud.autoconfigure.ConfigurationPropertiesRebinderAutoConfiguration' of type [org.springframework.cloud.autoconfigure.ConfigurationPropertiesRebinderAutoConfiguration] is not eligible for getting processed by all BeanPostProcessors (for example: not eligible for auto-proxying)
2022-05-19 16:32:30 INFO  [CMICT-Gateway,,,] main com.cmict.gateway.CmictGatewayApplication The following profiles are active: dev
2022-05-19 16:32:31 INFO  [CMICT-Gateway,,,] main org.springframework.data.repository.config.RepositoryConfigurationDelegate Multiple Spring Data modules found, entering strict repository configuration mode!
2022-05-19 16:32:31 INFO  [CMICT-Gateway,,,] main org.springframework.data.repository.config.RepositoryConfigurationDelegate Bootstrapping Spring Data repositories in DEFAULT mode.
2022-05-19 16:32:31 INFO  [CMICT-Gateway,,,] main org.springframework.data.repository.config.RepositoryConfigurationDelegate Finished Spring Data repository scanning in 31ms. Found 0 repository interfaces.
2022-05-19 16:32:32 INFO  [CMICT-Gateway,,,] main org.springframework.cloud.context.scope.GenericScope BeanFactory id=f67eeb51-7a0c-337e-a138-ec870cec2c71
2022-05-19 16:32:32 INFO  [CMICT-Gateway,,,] main org.springframework.context.support.PostProcessorRegistrationDelegate$BeanPostProcessorChecker Bean 'org.springframework.transaction.annotation.ProxyTransactionManagementConfiguration' of type [org.springframework.transaction.annotation.ProxyTransactionManagementConfiguration] is not eligible for getting processed by all BeanPostProcessors (for example: not eligible for auto-proxying)
2022-05-19 16:32:32 INFO  [CMICT-Gateway,,,] main org.springframework.context.support.PostProcessorRegistrationDelegate$BeanPostProcessorChecker Bean 'org.springframework.cloud.autoconfigure.ConfigurationPropertiesRebinderAutoConfiguration' of type [org.springframework.cloud.autoconfigure.ConfigurationPropertiesRebinderAutoConfiguration] is not eligible for getting processed by all BeanPostProcessors (for example: not eligible for auto-proxying)
2022-05-19 16:32:32 INFO  [CMICT-Gateway,,,] main org.springframework.context.support.PostProcessorRegistrationDelegate$BeanPostProcessorChecker Bean 'org.springframework.cloud.client.loadbalancer.reactive.LoadBalancerBeanPostProcessorAutoConfiguration' of type [org.springframework.cloud.client.loadbalancer.reactive.LoadBalancerBeanPostProcessorAutoConfiguration] is not eligible for getting processed by all BeanPostProcessors (for example: not eligible for auto-proxying)
2022-05-19 16:32:32 INFO  [CMICT-Gateway,,,] main org.springframework.context.support.PostProcessorRegistrationDelegate$BeanPostProcessorChecker Bean 'org.springframework.cloud.client.loadbalancer.reactive.LoadBalancerBeanPostProcessorAutoConfiguration$ReactiveLoadBalancerConfig' of type [org.springframework.cloud.client.loadbalancer.reactive.LoadBalancerBeanPostProcessorAutoConfiguration$ReactiveLoadBalancerConfig] is not eligible for getting processed by all BeanPostProcessors (for example: not eligible for auto-proxying)
2022-05-19 16:32:32 INFO  [CMICT-Gateway,,,] main org.springframework.context.support.PostProcessorRegistrationDelegate$BeanPostProcessorChecker Bean 'deferringLoadBalancerExchangeFilterFunction' of type [org.springframework.cloud.client.loadbalancer.reactive.DeferringLoadBalancerExchangeFilterFunction] is not eligible for getting processed by all BeanPostProcessors (for example: not eligible for auto-proxying)
2022-05-19 16:32:35 INFO  [CMICT-Gateway,,,] main com.zaxxer.hikari.HikariDataSource HikariPool-1 - Starting...
2022-05-19 16:32:35 INFO  [CMICT-Gateway,,,] main com.zaxxer.hikari.HikariDataSource HikariPool-1 - Start completed.
2022-05-19 16:32:35 INFO  [CMICT-Gateway,,,] main io.lettuce.core.EpollProvider Starting without optional epoll library
2022-05-19 16:32:35 INFO  [CMICT-Gateway,,,] main io.lettuce.core.KqueueProvider Starting without optional kqueue library
2022-05-19 16:32:39 INFO  [CMICT-Gateway,,,] main com.netflix.config.sources.URLConfigurationSource To enable URLs as dynamic configuration sources, define System property archaius.configurationSource.additionalUrls or make config.properties available on classpath.
2022-05-19 16:32:39 INFO  [CMICT-Gateway,,,] main com.netflix.config.sources.URLConfigurationSource To enable URLs as dynamic configuration sources, define System property archaius.configurationSource.additionalUrls or make config.properties available on classpath.
2022-05-19 16:32:46 INFO  [CMICT-Gateway,,,] main org.springframework.cloud.gateway.route.RouteDefinitionRouteLocator Loaded RoutePredicateFactory [After]
2022-05-19 16:32:46 INFO  [CMICT-Gateway,,,] main org.springframework.cloud.gateway.route.RouteDefinitionRouteLocator Loaded RoutePredicateFactory [Before]
2022-05-19 16:32:46 INFO  [CMICT-Gateway,,,] main org.springframework.cloud.gateway.route.RouteDefinitionRouteLocator Loaded RoutePredicateFactory [Between]
2022-05-19 16:32:46 INFO  [CMICT-Gateway,,,] main org.springframework.cloud.gateway.route.RouteDefinitionRouteLocator Loaded RoutePredicateFactory [Cookie]
2022-05-19 16:32:46 INFO  [CMICT-Gateway,,,] main org.springframework.cloud.gateway.route.RouteDefinitionRouteLocator Loaded RoutePredicateFactory [Header]
2022-05-19 16:32:46 INFO  [CMICT-Gateway,,,] main org.springframework.cloud.gateway.route.RouteDefinitionRouteLocator Loaded RoutePredicateFactory [Host]
2022-05-19 16:32:46 INFO  [CMICT-Gateway,,,] main org.springframework.cloud.gateway.route.RouteDefinitionRouteLocator Loaded RoutePredicateFactory [Method]
2022-05-19 16:32:46 INFO  [CMICT-Gateway,,,] main org.springframework.cloud.gateway.route.RouteDefinitionRouteLocator Loaded RoutePredicateFactory [Path]
2022-05-19 16:32:46 INFO  [CMICT-Gateway,,,] main org.springframework.cloud.gateway.route.RouteDefinitionRouteLocator Loaded RoutePredicateFactory [Query]
2022-05-19 16:32:46 INFO  [CMICT-Gateway,,,] main org.springframework.cloud.gateway.route.RouteDefinitionRouteLocator Loaded RoutePredicateFactory [ReadBodyPredicateFactory]
2022-05-19 16:32:46 INFO  [CMICT-Gateway,,,] main org.springframework.cloud.gateway.route.RouteDefinitionRouteLocator Loaded RoutePredicateFactory [RemoteAddr]
2022-05-19 16:32:46 INFO  [CMICT-Gateway,,,] main org.springframework.cloud.gateway.route.RouteDefinitionRouteLocator Loaded RoutePredicateFactory [Weight]
2022-05-19 16:32:46 INFO  [CMICT-Gateway,,,] main org.springframework.cloud.gateway.route.RouteDefinitionRouteLocator Loaded RoutePredicateFactory [CloudFoundryRouteService]
2022-05-19 16:32:50 INFO  [CMICT-Gateway,,,] main org.springframework.boot.actuate.endpoint.web.EndpointLinksResolver Exposing 2 endpoint(s) beneath base path '/actuator'
2022-05-19 16:32:50 INFO  [CMICT-Gateway,,,] main org.springframework.scheduling.concurrent.ThreadPoolTaskScheduler Initializing ExecutorService
2022-05-19 16:32:53 INFO  [CMICT-Gateway,,,] main org.springframework.boot.web.embedded.netty.NettyWebServer Netty started on port(s): 8301
2022-05-19 16:32:56 INFO  [CMICT-Gateway,,,] main com.alibaba.cloud.nacos.registry.NacosServiceRegistry nacos registry, DEFAULT_GROUP CMICT-Gateway 2.0.4.202:8301 register finished
2022-05-19 16:32:56 INFO  [CMICT-Gateway,,,] main com.cmict.gateway.CmictGatewayApplication Started CmictGatewayApplication in 31.582 seconds (JVM running for 36.298)
2022-05-19 17:26:39 INFO  [springAppName_IS_UNDEFINED,,,] main org.springframework.context.support.PostProcessorRegistrationDelegate$BeanPostProcessorChecker Bean 'org.springframework.cloud.autoconfigure.ConfigurationPropertiesRebinderAutoConfiguration' of type [org.springframework.cloud.autoconfigure.ConfigurationPropertiesRebinderAutoConfiguration] is not eligible for getting processed by all BeanPostProcessors (for example: not eligible for auto-proxying)
2022-05-19 17:26:40 INFO  [CMICT-Gateway,,,] main com.cmict.gateway.CmictGatewayApplication The following profiles are active: dev
2022-05-19 17:26:41 INFO  [CMICT-Gateway,,,] main org.springframework.data.repository.config.RepositoryConfigurationDelegate Multiple Spring Data modules found, entering strict repository configuration mode!
2022-05-19 17:26:41 INFO  [CMICT-Gateway,,,] main org.springframework.data.repository.config.RepositoryConfigurationDelegate Bootstrapping Spring Data repositories in DEFAULT mode.
2022-05-19 17:26:41 INFO  [CMICT-Gateway,,,] main org.springframework.data.repository.config.RepositoryConfigurationDelegate Finished Spring Data repository scanning in 9ms. Found 0 repository interfaces.
2022-05-19 17:26:41 INFO  [CMICT-Gateway,,,] main org.springframework.cloud.context.scope.GenericScope BeanFactory id=f67eeb51-7a0c-337e-a138-ec870cec2c71
2022-05-19 17:26:41 INFO  [CMICT-Gateway,,,] main org.springframework.context.support.PostProcessorRegistrationDelegate$BeanPostProcessorChecker Bean 'org.springframework.transaction.annotation.ProxyTransactionManagementConfiguration' of type [org.springframework.transaction.annotation.ProxyTransactionManagementConfiguration] is not eligible for getting processed by all BeanPostProcessors (for example: not eligible for auto-proxying)
2022-05-19 17:26:41 INFO  [CMICT-Gateway,,,] main org.springframework.context.support.PostProcessorRegistrationDelegate$BeanPostProcessorChecker Bean 'org.springframework.cloud.autoconfigure.ConfigurationPropertiesRebinderAutoConfiguration' of type [org.springframework.cloud.autoconfigure.ConfigurationPropertiesRebinderAutoConfiguration] is not eligible for getting processed by all BeanPostProcessors (for example: not eligible for auto-proxying)
2022-05-19 17:26:41 INFO  [CMICT-Gateway,,,] main org.springframework.context.support.PostProcessorRegistrationDelegate$BeanPostProcessorChecker Bean 'org.springframework.cloud.client.loadbalancer.reactive.LoadBalancerBeanPostProcessorAutoConfiguration' of type [org.springframework.cloud.client.loadbalancer.reactive.LoadBalancerBeanPostProcessorAutoConfiguration] is not eligible for getting processed by all BeanPostProcessors (for example: not eligible for auto-proxying)
2022-05-19 17:26:41 INFO  [CMICT-Gateway,,,] main org.springframework.context.support.PostProcessorRegistrationDelegate$BeanPostProcessorChecker Bean 'org.springframework.cloud.client.loadbalancer.reactive.LoadBalancerBeanPostProcessorAutoConfiguration$ReactiveLoadBalancerConfig' of type [org.springframework.cloud.client.loadbalancer.reactive.LoadBalancerBeanPostProcessorAutoConfiguration$ReactiveLoadBalancerConfig] is not eligible for getting processed by all BeanPostProcessors (for example: not eligible for auto-proxying)
2022-05-19 17:26:41 INFO  [CMICT-Gateway,,,] main org.springframework.context.support.PostProcessorRegistrationDelegate$BeanPostProcessorChecker Bean 'deferringLoadBalancerExchangeFilterFunction' of type [org.springframework.cloud.client.loadbalancer.reactive.DeferringLoadBalancerExchangeFilterFunction] is not eligible for getting processed by all BeanPostProcessors (for example: not eligible for auto-proxying)
2022-05-19 17:26:42 INFO  [CMICT-Gateway,,,] main com.zaxxer.hikari.HikariDataSource HikariPool-1 - Starting...
2022-05-19 17:26:42 INFO  [CMICT-Gateway,,,] main com.zaxxer.hikari.HikariDataSource HikariPool-1 - Start completed.
2022-05-19 17:26:43 INFO  [CMICT-Gateway,,,] main io.lettuce.core.EpollProvider Starting without optional epoll library
2022-05-19 17:26:43 INFO  [CMICT-Gateway,,,] main io.lettuce.core.KqueueProvider Starting without optional kqueue library
2022-05-19 17:26:45 INFO  [CMICT-Gateway,,,] main com.netflix.config.sources.URLConfigurationSource To enable URLs as dynamic configuration sources, define System property archaius.configurationSource.additionalUrls or make config.properties available on classpath.
2022-05-19 17:26:45 INFO  [CMICT-Gateway,,,] main com.netflix.config.sources.URLConfigurationSource To enable URLs as dynamic configuration sources, define System property archaius.configurationSource.additionalUrls or make config.properties available on classpath.
2022-05-19 17:26:47 INFO  [CMICT-Gateway,,,] main org.springframework.cloud.gateway.route.RouteDefinitionRouteLocator Loaded RoutePredicateFactory [After]
2022-05-19 17:26:47 INFO  [CMICT-Gateway,,,] main org.springframework.cloud.gateway.route.RouteDefinitionRouteLocator Loaded RoutePredicateFactory [Before]
2022-05-19 17:26:47 INFO  [CMICT-Gateway,,,] main org.springframework.cloud.gateway.route.RouteDefinitionRouteLocator Loaded RoutePredicateFactory [Between]
2022-05-19 17:26:47 INFO  [CMICT-Gateway,,,] main org.springframework.cloud.gateway.route.RouteDefinitionRouteLocator Loaded RoutePredicateFactory [Cookie]
2022-05-19 17:26:47 INFO  [CMICT-Gateway,,,] main org.springframework.cloud.gateway.route.RouteDefinitionRouteLocator Loaded RoutePredicateFactory [Header]
2022-05-19 17:26:47 INFO  [CMICT-Gateway,,,] main org.springframework.cloud.gateway.route.RouteDefinitionRouteLocator Loaded RoutePredicateFactory [Host]
2022-05-19 17:26:47 INFO  [CMICT-Gateway,,,] main org.springframework.cloud.gateway.route.RouteDefinitionRouteLocator Loaded RoutePredicateFactory [Method]
2022-05-19 17:26:47 INFO  [CMICT-Gateway,,,] main org.springframework.cloud.gateway.route.RouteDefinitionRouteLocator Loaded RoutePredicateFactory [Path]
2022-05-19 17:26:47 INFO  [CMICT-Gateway,,,] main org.springframework.cloud.gateway.route.RouteDefinitionRouteLocator Loaded RoutePredicateFactory [Query]
2022-05-19 17:26:47 INFO  [CMICT-Gateway,,,] main org.springframework.cloud.gateway.route.RouteDefinitionRouteLocator Loaded RoutePredicateFactory [ReadBodyPredicateFactory]
2022-05-19 17:26:47 INFO  [CMICT-Gateway,,,] main org.springframework.cloud.gateway.route.RouteDefinitionRouteLocator Loaded RoutePredicateFactory [RemoteAddr]
2022-05-19 17:26:47 INFO  [CMICT-Gateway,,,] main org.springframework.cloud.gateway.route.RouteDefinitionRouteLocator Loaded RoutePredicateFactory [Weight]
2022-05-19 17:26:47 INFO  [CMICT-Gateway,,,] main org.springframework.cloud.gateway.route.RouteDefinitionRouteLocator Loaded RoutePredicateFactory [CloudFoundryRouteService]
2022-05-19 17:26:49 INFO  [CMICT-Gateway,,,] main org.springframework.boot.actuate.endpoint.web.EndpointLinksResolver Exposing 2 endpoint(s) beneath base path '/actuator'
2022-05-19 17:26:49 INFO  [CMICT-Gateway,,,] main org.springframework.scheduling.concurrent.ThreadPoolTaskScheduler Initializing ExecutorService
2022-05-19 17:26:52 INFO  [CMICT-Gateway,,,] main org.springframework.boot.web.embedded.netty.NettyWebServer Netty started on port(s): 8301
2022-05-19 17:26:55 INFO  [CMICT-Gateway,,,] main com.alibaba.cloud.nacos.registry.NacosServiceRegistry nacos registry, DEFAULT_GROUP CMICT-Gateway 2.0.4.202:8301 register finished
2022-05-19 17:26:55 INFO  [CMICT-Gateway,,,] main com.cmict.gateway.CmictGatewayApplication Started CmictGatewayApplication in 19.931 seconds (JVM running for 23.295)
